<?xml version="1.0" encoding="UTF-8"?>
<!-- Generated by org.testng.reporters.JUnitReportReporter -->
<testsuite hostname="FrankWang-PC" name="TestingAuto.WebPosTest.Prepaid_CheckCard" tests="2" failures="0" timestamp="16 Sep 2014 09:00:35 GMT" time="41.156" errors="0">
  <testcase name="testCheckCardWrongNum" time="17.367" classname="TestingAuto.WebPosTest.Prepaid_CheckCard"/>
  <testcase name="testCheckCard" time="23.789" classname="TestingAuto.WebPosTest.Prepaid_CheckCard"/>
</testsuite> <!-- TestingAuto.WebPosTest.Prepaid_CheckCard -->
