<?xml version="1.0" encoding="UTF-8"?>
<!-- Generated by org.testng.reporters.JUnitReportReporter -->
<testsuite hostname="FrankWang-PC" name="TestingAuto.WebPosTest.LoginWebPos" tests="2" failures="0" timestamp="29 Jul 2014 03:37:34 GMT" time="31.575" errors="0">
  <testcase name="testLoginWebPos1" time="10.814" classname="TestingAuto.WebPosTest.LoginWebPos"/>
  <testcase name="testLoginWebPosFailed2" time="20.761" classname="TestingAuto.WebPosTest.LoginWebPos"/>
</testsuite> <!-- TestingAuto.WebPosTest.LoginWebPos -->
