<?xml version="1.0" encoding="UTF-8"?>
<!-- Generated by org.testng.reporters.JUnitReportReporter -->
<testsuite hostname="FrankWang-PC" name="TestingAuto.WebPosTest.AddDays" tests="1" failures="0" timestamp="15 Sep 2014 07:17:59 GMT" time="25.890" errors="0">
  <testcase name="testAddDays" time="25.890" classname="TestingAuto.WebPosTest.AddDays"/>
</testsuite> <!-- TestingAuto.WebPosTest.AddDays -->
