<?xml version="1.0" encoding="UTF-8"?>
<!-- Generated by org.testng.reporters.JUnitReportReporter -->
<testsuite hostname="FrankWang-PC" name="TestingAuto.WebPosTest.AddValue" tests="1" failures="0" timestamp="16 Sep 2014 08:38:18 GMT" time="26.902" errors="0">
  <testcase name="testAddValue" time="26.902" classname="TestingAuto.WebPosTest.AddValue"/>
</testsuite> <!-- TestingAuto.WebPosTest.AddValue -->
