<?xml version="1.0" encoding="UTF-8"?>
<!-- Generated by org.testng.reporters.JUnitReportReporter -->
<testsuite hostname="FrankWang-PC" name="TestingAuto.WebPosTest.NewBatch" tests="1" failures="0" timestamp="11 Sep 2014 07:17:06 GMT" time="24.443" errors="0">
  <testcase name="testNewBatch_BoxID" time="24.443" classname="TestingAuto.WebPosTest.NewBatch"/>
</testsuite> <!-- TestingAuto.WebPosTest.NewBatch -->
