<?xml version="1.0" encoding="UTF-8"?>
<!-- Generated by org.testng.reporters.JUnitReportReporter -->
<testsuite hostname="FrankWang-PC" name="TestingAuto.WebPosTest.RessiueCard" tests="1" failures="0" timestamp="15 Sep 2014 08:46:07 GMT" time="17.645" errors="0">
  <testcase name="testRessiueCard" time="17.645" classname="TestingAuto.WebPosTest.RessiueCard"/>
</testsuite> <!-- TestingAuto.WebPosTest.RessiueCard -->
