<?xml version="1.0" encoding="UTF-8"?>
<!-- Generated by org.testng.reporters.JUnitReportReporter -->
<testsuite hostname="FrankWang-PC" name="TestingAuto.WebPosTest.Prepaid_NewCardSale" tests="2" failures="0" timestamp="29 Jul 2014 05:20:27 GMT" time="44.905" errors="0">
  <testcase name="testNewCardSale" time="24.958" classname="TestingAuto.WebPosTest.Prepaid_NewCardSale"/>
  <testcase name="testNewCardSaleAlreadyActivated" time="19.947" classname="TestingAuto.WebPosTest.Prepaid_NewCardSale"/>
</testsuite> <!-- TestingAuto.WebPosTest.Prepaid_NewCardSale -->
