<?xml version="1.0" encoding="UTF-8"?>
<!-- Generated by org.testng.reporters.JUnitReportReporter -->
<testsuite hostname="FrankWang-PC" name="TestingAuto.WebPosTest.Prepaid_CheckCard" tests="2" failures="0" timestamp="8 Aug 2014 03:46:57 GMT" time="37.597" errors="0">
  <testcase name="testCheckCard" time="22.403" classname="TestingAuto.WebPosTest.Prepaid_CheckCard"/>
  <testcase name="testCheckCardWrongNum" time="15.194" classname="TestingAuto.WebPosTest.Prepaid_CheckCard"/>
</testsuite> <!-- TestingAuto.WebPosTest.Prepaid_CheckCard -->
