<?xml version="1.0" encoding="UTF-8"?>
<!-- Generated by org.testng.reporters.JUnitReportReporter -->
<testsuite hostname="FrankWang-PC" name="TestingAuto.WebPosTest.Provision" tests="1" failures="0" timestamp="21 Jul 2014 06:33:13 GMT" time="8.772" errors="0">
  <testcase name="testLogin" time="8.772" classname="TestingAuto.WebPosTest.Provision"/>
</testsuite> <!-- TestingAuto.WebPosTest.Provision -->
