<?xml version="1.0" encoding="UTF-8"?>
<!-- Generated by org.testng.reporters.JUnitReportReporter -->
<testsuite hostname="FrankWang-PC" name="TestingAuto.WebPosTest.purchaseItems" tests="3" failures="0" timestamp="29 Jul 2014 05:02:14 GMT" time="64.548" errors="0">
  <testcase name="testPurchaseItems" time="24.371" classname="TestingAuto.WebPosTest.purchaseItems"/>
  <testcase name="testPurchaseItemsNotAmount" time="19.638" classname="TestingAuto.WebPosTest.purchaseItems"/>
  <testcase name="testPurchaseItemsNotActived" time="20.539" classname="TestingAuto.WebPosTest.purchaseItems"/>
</testsuite> <!-- TestingAuto.WebPosTest.purchaseItems -->
