<?xml version="1.0" encoding="UTF-8"?>
<!-- Generated by org.testng.reporters.JUnitReportReporter -->
<testsuite hostname="FrankWang-PC" name="TestingAuto.WebPosTest.AddValue" tests="1" failures="0" timestamp="8 Aug 2014 03:48:47 GMT" time="26.389" errors="0">
  <testcase name="testAddValue" time="26.389" classname="TestingAuto.WebPosTest.AddValue"/>
</testsuite> <!-- TestingAuto.WebPosTest.AddValue -->
